Arguments: 
  D:\Program Files\nodejs\node.exe D:\Program Files (x86)\Yarn\bin\yarn.js add @vuepress/plugin/clean-urls

PATH: 
  C:\WINDOWS\system32;C:\WINDOWS;C:\WINDOWS\System32\Wbem;C:\WINDOWS\System32\WindowsPowerShell\v1.0\;C:\WINDOWS\System32\OpenSSH\;C:\Program Files\NVIDIA Corporation\NVIDIA NvDLISR;C:\Program Files (x86)\NVIDIA Corporation\PhysX\Common;C:\Program Files\dotnet\;D:\Program Files\nodejs\;D:\Program Files (x86)\Yarn\bin\;D:\Program Files\Git\cmd;C:\Users\jbsch\AppData\Local\Microsoft\WindowsApps;D:\Programs\Microsoft VS Code\bin;C:\Users\jbsch\AppData\Local\GitHubDesktop\bin;C:\Users\jbsch\AppData\Roaming\npm;C:\Users\jbsch\AppData\Local\Yarn\bin

Yarn version: 
  1.19.2

Node version: 
  12.13.1

Platform: 
  win32 x64

Trace: 
  Error: https://registry.yarnpkg.com/@vuepress%2fplugin/clean-urls: Request "https://registry.yarnpkg.com/@vuepress%2fplugin/clean-urls" returned a 405
      at Request.params.callback [as _callback] (D:\Program Files (x86)\Yarn\lib\cli.js:66045:18)
      at Request.self.callback (D:\Program Files (x86)\Yarn\lib\cli.js:140586:22)
      at Request.emit (events.js:210:5)
      at Request.<anonymous> (D:\Program Files (x86)\Yarn\lib\cli.js:141558:10)
      at Request.emit (events.js:210:5)
      at IncomingMessage.<anonymous> (D:\Program Files (x86)\Yarn\lib\cli.js:141480:12)
      at Object.onceWrapper (events.js:299:28)
      at IncomingMessage.emit (events.js:215:7)
      at endReadableNT (_stream_readable.js:1184:12)
      at processTicksAndRejections (internal/process/task_queues.js:80:21)

npm manifest: 
  {
    "name": "blog",
    "version": "1.0.0",
    "description": "",
    "repository": "https://github.com/JanSchollaert/Website.git",
    "scripts": {
      "test": "echo \"Error: no test specified\" && exit 1",
      "docs:build": "vuepress build docs"
    },
    "author": "",
    "license": "ISC",
    "dependencies": {
      "@vuepress/plugin-container": "^1.0.0-alpha.41",
      "gray-matter": "^4.0.2",
      "vuepress-plugin-clean-urls": "^1.1.1",
      "vuepress-plugin-container": "^2.1.2",
      "vuepress-theme-yuu": "^2.2.0"
    },
    "devDependencies": {
      "@vuepress/plugin-google-analytics": "^1.2.0"
    }
  }

yarn manifest: 
  No manifest

Lockfile: 
  # THIS IS AN AUTOGENERATED FILE. DO NOT EDIT THIS FILE DIRECTLY.
  # yarn lockfile v1
  
  
  "@vuepress/plugin-container@^1.0.0-alpha.41":
    version "1.0.0-alpha.41"
    resolved "https://registry.yarnpkg.com/@vuepress/plugin-container/-/plugin-container-1.0.0-alpha.41.tgz#52141cb24844d714e344e668dde68864c18c9633"
    integrity sha512-Y2gTk1o49nfW830unxWd3y73sRDtNu8hvGHVQM3D3SW/MZocrd7EbYfO0N9srzxeb0D8l7LHngRHkH36lGnJOw==
    dependencies:
      markdown-it-container "^2.0.0"
  
  "@vuepress/plugin-google-analytics@^1.2.0":
    version "1.2.0"
    resolved "https://registry.yarnpkg.com/@vuepress/plugin-google-analytics/-/plugin-google-analytics-1.2.0.tgz#54555fd14f01a032c5acff04ecbbe0911577d7d0"
    integrity sha512-0zol5D4Efb5GKel7ADO/s65MLtKSLnOEGkeWzuipkWomSQPzP7TJ3+/RcYBnGdyBFHd1BSpTUHGK0b/IGwM3UA==
  
  argparse@^1.0.7:
    version "1.0.10"
    resolved "https://registry.yarnpkg.com/argparse/-/argparse-1.0.10.tgz#bcd6791ea5ae09725e17e5ad988134cd40b3d911"
    integrity sha512-o5Roy6tNG4SL/FOkCAN6RzjiakZS25RLYFrcMttJqbdd8BWrnA+fGz57iN5Pb06pvBGvl5gQ0B48dJlslXvoTg==
    dependencies:
      sprintf-js "~1.0.2"
  
  esprima@^4.0.0:
    version "4.0.1"
    resolved "https://registry.yarnpkg.com/esprima/-/esprima-4.0.1.tgz#13b04cdb3e6c5d19df91ab6987a8695619b0aa71"
    integrity sha512-eGuFFw7Upda+g4p+QHvnW0RyTX/SVeJBDM/gCtMARO0cLuT2HcEKnTPvhjV6aGeqrCB/sbNop0Kszm0jsaWU4A==
  
  extend-shallow@^2.0.1:
    version "2.0.1"
    resolved "https://registry.yarnpkg.com/extend-shallow/-/extend-shallow-2.0.1.tgz#51af7d614ad9a9f610ea1bafbb989d6b1c56890f"
    integrity sha1-Ua99YUrZqfYQ6huvu5idaxxWiQ8=
    dependencies:
      is-extendable "^0.1.0"
  
  gray-matter@^4.0.2:
    version "4.0.2"
    resolved "https://registry.yarnpkg.com/gray-matter/-/gray-matter-4.0.2.tgz#9aa379e3acaf421193fce7d2a28cebd4518ac454"
    integrity sha512-7hB/+LxrOjq/dd8APlK0r24uL/67w7SkYnfwhNFwg/VDIGWGmduTDYf3WNstLW2fbbmRwrDGCVSJ2isuf2+4Hw==
    dependencies:
      js-yaml "^3.11.0"
      kind-of "^6.0.2"
      section-matter "^1.0.0"
      strip-bom-string "^1.0.0"
  
  is-extendable@^0.1.0:
    version "0.1.1"
    resolved "https://registry.yarnpkg.com/is-extendable/-/is-extendable-0.1.1.tgz#62b110e289a471418e3ec36a617d472e301dfc89"
    integrity sha1-YrEQ4omkcUGOPsNqYX1HLjAd/Ik=
  
  js-yaml@^3.11.0:
    version "3.13.1"
    resolved "https://registry.yarnpkg.com/js-yaml/-/js-yaml-3.13.1.tgz#aff151b30bfdfa8e49e05da22e7415e9dfa37847"
    integrity sha512-YfbcO7jXDdyj0DGxYVSlSeQNHbD7XPWvrVWeVUujrQEoZzWJIRrCPoyk6kL6IAjAG2IolMK4T0hNUe0HOUs5Jw==
    dependencies:
      argparse "^1.0.7"
      esprima "^4.0.0"
  
  kind-of@^6.0.0, kind-of@^6.0.2:
    version "6.0.2"
    resolved "https://registry.yarnpkg.com/kind-of/-/kind-of-6.0.2.tgz#01146b36a6218e64e58f3a8d66de5d7fc6f6d051"
    integrity sha512-s5kLOcnH0XqDO+FvuaLX8DDjZ18CGFk7VygH40QoKPUQhW4e2rvM0rwUq0t8IQDOwYSeLK01U90OjzBTme2QqA==
  
  markdown-it-container@^2.0.0:
    version "2.0.0"
    resolved "https://registry.yarnpkg.com/markdown-it-container/-/markdown-it-container-2.0.0.tgz#0019b43fd02eefece2f1960a2895fba81a404695"
    integrity sha1-ABm0P9Au7+zi8ZYKKJX7qBpARpU=
  
  section-matter@^1.0.0:
    version "1.0.0"
    resolved "https://registry.yarnpkg.com/section-matter/-/section-matter-1.0.0.tgz#e9041953506780ec01d59f292a19c7b850b84167"
    integrity sha512-vfD3pmTzGpufjScBh50YHKzEu2lxBWhVEHsNGoEXmCmn2hKGfeNLYMzCJpe8cD7gqX7TJluOVpBkAequ6dgMmA==
    dependencies:
      extend-shallow "^2.0.1"
      kind-of "^6.0.0"
  
  sprintf-js@~1.0.2:
    version "1.0.3"
    resolved "https://registry.yarnpkg.com/sprintf-js/-/sprintf-js-1.0.3.tgz#04e6926f662895354f3dd015203633b857297e2c"
    integrity sha1-BOaSb2YolTVPPdAVIDYzuFcpfiw=
  
  strip-bom-string@^1.0.0:
    version "1.0.0"
    resolved "https://registry.yarnpkg.com/strip-bom-string/-/strip-bom-string-1.0.0.tgz#e5211e9224369fbb81d633a2f00044dc8cedad92"
    integrity sha1-5SEekiQ2n7uB1jOi8ABE3IztrZI=
  
  vue-click-outside@^1.0.7:
    version "1.0.7"
    resolved "https://registry.yarnpkg.com/vue-click-outside/-/vue-click-outside-1.0.7.tgz#cdd2b1605e3c4944784e1794eae4a12a0f700bd6"
    integrity sha1-zdKxYF48SUR4TheU6uShKg9wC9Y=
  
  vuepress-plugin-clean-urls@^1.1.1:
    version "1.1.1"
    resolved "https://registry.yarnpkg.com/vuepress-plugin-clean-urls/-/vuepress-plugin-clean-urls-1.1.1.tgz#593f47be643c33c34413ba408e8bee31aaf534bd"
    integrity sha512-cEDbqme8rPbkSbjz73ONFSKIZkzC8HFRBY7UD/oa1ZC655HYhQo3JMbJgJXeCQjV/vkl7WuPB/QMNlQY20PXjw==
  
  vuepress-plugin-container@^2.1.2:
    version "2.1.2"
    resolved "https://registry.yarnpkg.com/vuepress-plugin-container/-/vuepress-plugin-container-2.1.2.tgz#688c1e5a9709a1b8658605bcaee580b3abb19d16"
    integrity sha512-Df5KoIDMYiFg45GTfFw2hIiLGSsjhms4f3ppl2UIBf5nWMxi2lfifcoo8MooMSfxboxRZjoDccqQfu0fypaKrQ==
    dependencies:
      markdown-it-container "^2.0.0"
  
  vuepress-theme-yuu@^2.2.0:
    version "2.2.1"
    resolved "https://registry.yarnpkg.com/vuepress-theme-yuu/-/vuepress-theme-yuu-2.2.1.tgz#b5d34e0df5f7fd5cd02ed550217fa050c84bb348"
    integrity sha512-3E6mGo0HEmTROnLXF2Tjju+dROyfPn1D8sW+LTLGpGNfo0dxAqT/SfWUUhEm+W4T2iZmSCNoZxosUxGFD4mc0Q==
    dependencies:
      vue-click-outside "^1.0.7"
